0 info it worked if it ends with ok
1 verbose cli [ '/usr/bin/nodejs', '/usr/bin/npm', 'run', 'serve' ]
2 info using npm@3.10.10
3 info using node@v6.10.3
4 verbose run-script [ 'preserve', 'serve', 'postserve' ]
5 info lifecycle billing@1.0.0~preserve: billing@1.0.0
6 silly lifecycle billing@1.0.0~preserve: no script for preserve, continuing
7 info lifecycle billing@1.0.0~serve: billing@1.0.0
8 verbose lifecycle billing@1.0.0~serve: unsafe-perm in lifecycle true
9 verbose lifecycle billing@1.0.0~serve: PATH: /usr/lib/node_modules/npm/bin/node-gyp-bin:/var/www/billing/node_modules/.bin:/usr/local/sbin:/usr/local/bin:/usr/sbin:/usr/bin:/sbin:/bin:/usr/games:/usr/local/games:/usr/local/java/jre1.8.0_92/bin:/usr/local/java/jdk1.8.0_92/bin:/usr/local/java/jre1.8.0_92/bin:/usr/local/java/jdk1.8.0_92/bin
10 verbose lifecycle billing@1.0.0~serve: CWD: /var/www/billing
11 silly lifecycle billing@1.0.0~serve: Args: [ '-c', 'start index.js' ]
12 silly lifecycle billing@1.0.0~serve: Returned: code: 1  signal: null
13 info lifecycle billing@1.0.0~serve: Failed to exec serve script
14 verbose stack Error: billing@1.0.0 serve: `start index.js`
14 verbose stack Exit status 1
14 verbose stack     at EventEmitter.<anonymous> (/usr/lib/node_modules/npm/lib/utils/lifecycle.js:255:16)
14 verbose stack     at emitTwo (events.js:106:13)
14 verbose stack     at EventEmitter.emit (events.js:191:7)
14 verbose stack     at ChildProcess.<anonymous> (/usr/lib/node_modules/npm/lib/utils/spawn.js:40:14)
14 verbose stack     at emitTwo (events.js:106:13)
14 verbose stack     at ChildProcess.emit (events.js:191:7)
14 verbose stack     at maybeClose (internal/child_process.js:886:16)
14 verbose stack     at Process.ChildProcess._handle.onexit (internal/child_process.js:226:5)
15 verbose pkgid billing@1.0.0
16 verbose cwd /var/www/billing/billing
17 error Linux 4.4.0-75-generic
18 error argv "/usr/bin/nodejs" "/usr/bin/npm" "run" "serve"
19 error node v6.10.3
20 error npm  v3.10.10
21 error code ELIFECYCLE
22 error billing@1.0.0 serve: `start index.js`
22 error Exit status 1
23 error Failed at the billing@1.0.0 serve script 'start index.js'.
23 error Make sure you have the latest version of node.js and npm installed.
23 error If you do, this is most likely a problem with the billing package,
23 error not with npm itself.
23 error Tell the author that this fails on your system:
23 error     start index.js
23 error You can get information on how to open an issue for this project with:
23 error     npm bugs billing
23 error Or if that isn't available, you can get their info via:
23 error     npm owner ls billing
23 error There is likely additional logging output above.
24 verbose exit [ 1, true ]
